<?xml version="1.0" encoding="UTF-8"?>
<testsuite xmlns:xsi="http://www.w3.org/2001/XMLSchema-instance" xsi:noNamespaceSchemaLocation="https://maven.apache.org/surefire/maven-surefire-plugin/xsd/surefire-test-report.xsd" name="com.tfg.boulder_back.web.UserControllerTest" time="0.098" tests="9" errors="0" skipped="0" failures="0">
  <properties>
[...]
</properties>
  <testcase name="login_200_ok" classname="com.tfg.boulder_back.web.UserControllerTest" time="0.045"/>
  <testcase name="getUser_404_notFound" classname="com.tfg.boulder_back.web.UserControllerTest" time="0.006"/>
  <testcase name="login_404_notFound" classname="com.tfg.boulder_back.web.UserControllerTest" time="0.003"/>
  <testcase name="userCreation_201_created" classname="com.tfg.boulder_back.web.UserControllerTest" time="0.01"/>
  <testcase name="login_500_internalServerError" classname="com.tfg.boulder_back.web.UserControllerTest" time="0.004"/>
  <testcase name="userCreation_409_conflict" classname="com.tfg.boulder_back.web.UserControllerTest" time="0.007"/>
  <testcase name="userCreation_500_internalServerError" classname="com.tfg.boulder_back.web.UserControllerTest" time="0.004"/>
  <testcase name="getUser_200_ok" classname="com.tfg.boulder_back.web.UserControllerTest" time="0.006"/>
  <testcase name="login_401_invalidCredentials" classname="com.tfg.boulder_back.web.UserControllerTest" time="0.004"/>
</testsuite>